<?xml version="1.0" encoding="UTF-8"?>
<!-- Generated by org.testng.reporters.JUnitReportReporter -->
<testsuite hostname="DESKTOP-F4PMV4Q" name="com.ecommerce.stepdefinition.FlipkartTv" tests="3" failures="0" timestamp="13 Jan 2022 12:31:43 GMT" time="8.777" errors="0">
  <testcase name="Search" time="4.823" classname="com.ecommerce.stepdefinition.FlipkartTv"/>
  <testcase name="screenshot" time="3.454" classname="com.ecommerce.stepdefinition.FlipkartTv"/>
  <testcase name="login" time="0.500" classname="com.ecommerce.stepdefinition.FlipkartTv"/>
</testsuite> <!-- com.ecommerce.stepdefinition.FlipkartTv -->
