<?xml version="1.0" encoding="UTF-8"?>
<!-- Generated by org.testng.reporters.JUnitReportReporter -->
<testsuite hostname="DESKTOP-F4PMV4Q" name="com.ecommerce.stepdefinition.Amazon" tests="1" failures="0" timestamp="12 Jan 2022 12:57:09 GMT" time="4.478" errors="0">
  <testcase name="searchMobile" time="4.478" classname="com.ecommerce.stepdefinition.Amazon"/>
</testsuite> <!-- com.ecommerce.stepdefinition.Amazon -->
