<?xml version="1.0" encoding="UTF-8"?>
<!-- Generated by org.testng.reporters.JUnitReportReporter -->
<testsuite hostname="DESKTOP-F4PMV4Q" name="com.ecommerce.stepdefinition.Amazon" tests="1" failures="0" timestamp="13 Jan 2022 12:31:44 GMT" time="7.522" errors="0">
  <testcase name="searchMobile" time="7.522" classname="com.ecommerce.stepdefinition.Amazon"/>
</testsuite> <!-- com.ecommerce.stepdefinition.Amazon -->
